{
  "RSpec": {
    "coverage": {
      "/easy_rental/config/environment.rb": [
        null,
        1,
        null,
        null,
        0,
        null,
        0,
        0,
        0,
        null
      ],
      "/easy_rental/config/application.rb": [
        1,
        null,
        0,
        null,
        0,
        0,
        0,
        0,
        0,
        0,
        0,
        0,
        0,
        null,
        null,
        null,
        null,
        null,
        0,
        null,
        0,
        0,
        null,
        0,
        null,
        null,
        null,
        null,
        null,
        null,
        null,
        0,
        null,
        null
      ],
      "/easy_rental/config/boot.rb": [
        1,
        null,
        1,
        0
      ]
    },
    "timestamp": 1540661773
  }
}
